{"C:\\Users\\alart\\Documents\\Kodowanie\\2021-05-30-tdd-01\\tests.js":{"path":"C:\\Users\\alart\\Documents\\Kodowanie\\2021-05-30-tdd-01\\tests.js","s":{"1":1,"2":1,"3":1,"4":1,"5":1,"6":1,"7":1,"8":1,"9":1,"10":1,"11":1,"12":1,"13":1,"14":1,"15":1,"16":1,"17":1,"18":1,"19":1,"20":1,"21":1,"22":1,"23":1,"24":0,"25":0,"26":1,"27":1},"b":{"1":[1,0],"2":[1,1],"3":[1,0],"4":[1,1]},"f":{},"fnMap":{},"statementMap":{"1":{"start":{"line":4,"column":0},"end":{"line":10,"column":1}},"2":{"start":{"line":5,"column":2},"end":{"line":5,"column":33},"skip":true},"3":{"start":{"line":7,"column":2},"end":{"line":7,"column":24},"skip":true},"4":{"start":{"line":8,"column":2},"end":{"line":8,"column":43},"skip":true},"5":{"start":{"line":9,"column":2},"end":{"line":9,"column":41},"skip":true},"6":{"start":{"line":12,"column":0},"end":{"line":16,"column":3}},"7":{"start":{"line":13,"column":2},"end":{"line":13,"column":31}},"8":{"start":{"line":14,"column":2},"end":{"line":14,"column":20}},"9":{"start":{"line":15,"column":2},"end":{"line":15,"column":37}},"10":{"start":{"line":18,"column":0},"end":{"line":22,"column":3}},"11":{"start":{"line":19,"column":2},"end":{"line":19,"column":35}},"12":{"start":{"line":20,"column":2},"end":{"line":20,"column":33}},"13":{"start":{"line":21,"column":2},"end":{"line":21,"column":37}},"14":{"start":{"line":24,"column":0},"end":{"line":28,"column":3}},"15":{"start":{"line":25,"column":2},"end":{"line":25,"column":35}},"16":{"start":{"line":26,"column":2},"end":{"line":26,"column":33}},"17":{"start":{"line":27,"column":2},"end":{"line":27,"column":37}},"18":{"start":{"line":30,"column":0},"end":{"line":34,"column":3}},"19":{"start":{"line":31,"column":2},"end":{"line":31,"column":34}},"20":{"start":{"line":32,"column":2},"end":{"line":32,"column":54}},"21":{"start":{"line":33,"column":2},"end":{"line":33,"column":37}},"22":{"start":{"line":36,"column":0},"end":{"line":40,"column":3}},"23":{"start":{"line":37,"column":2},"end":{"line":37,"column":41}},"24":{"start":{"line":38,"column":2},"end":{"line":38,"column":54}},"25":{"start":{"line":39,"column":2},"end":{"line":39,"column":37}},"26":{"start":{"line":42,"column":0},"end":{"line":42,"column":70},"skip":true},"27":{"start":{"line":42,"column":55},"end":{"line":42,"column":68},"skip":true}},"branchMap":{"1":{"line":4,"type":"if","locations":[{"start":{"line":4,"column":0},"end":{"line":4,"column":0},"skip":true},{"start":{"line":4,"column":0},"end":{"line":4,"column":0}}]},"2":{"line":4,"type":"binary-expr","locations":[{"start":{"line":4,"column":4},"end":{"line":4,"column":33}},{"start":{"line":4,"column":37},"end":{"line":4,"column":51}}]},"3":{"line":42,"type":"if","locations":[{"start":{"line":42,"column":0},"end":{"line":42,"column":0},"skip":true},{"start":{"line":42,"column":0},"end":{"line":42,"column":0},"skip":true}]},"4":{"line":42,"type":"binary-expr","locations":[{"start":{"line":42,"column":4},"end":{"line":42,"column":33},"skip":true},{"start":{"line":42,"column":37},"end":{"line":42,"column":51},"skip":true}]}}},"C:\\Users\\alart\\Documents\\Kodowanie\\2021-05-30-tdd-01\\change.js":{"path":"C:\\Users\\alart\\Documents\\Kodowanie\\2021-05-30-tdd-01\\change.js","s":{"1":1,"2":1,"3":1,"4":4,"5":4,"6":4,"7":4,"8":4,"9":35,"10":17,"11":17,"12":18,"13":4,"14":1,"15":1,"16":0,"17":0,"18":0,"19":0,"20":0,"21":0},"b":{"1":[1,0],"2":[1,1],"3":[17,18]},"f":{"1":4,"2":0},"fnMap":{"1":{"name":"getChange","line":8,"loc":{"start":{"line":8,"column":0},"end":{"line":8,"column":43}}},"2":{"name":"getChange_reduce","line":25,"loc":{"start":{"line":25,"column":0},"end":{"line":25,"column":41}}}},"statementMap":{"1":{"start":{"line":4,"column":0},"end":{"line":6,"column":1},"skip":true},"2":{"start":{"line":5,"column":2},"end":{"line":5,"column":29},"skip":true},"3":{"start":{"line":8,"column":0},"end":{"line":22,"column":1}},"4":{"start":{"line":9,"column":2},"end":{"line":9,"column":51}},"5":{"start":{"line":10,"column":2},"end":{"line":10,"column":17}},"6":{"start":{"line":11,"column":2},"end":{"line":11,"column":37}},"7":{"start":{"line":12,"column":2},"end":{"line":12,"column":18}},"8":{"start":{"line":13,"column":2},"end":{"line":20,"column":3}},"9":{"start":{"line":14,"column":4},"end":{"line":19,"column":5}},"10":{"start":{"line":15,"column":6},"end":{"line":15,"column":31}},"11":{"start":{"line":16,"column":6},"end":{"line":16,"column":36}},"12":{"start":{"line":18,"column":6},"end":{"line":18,"column":15}},"13":{"start":{"line":21,"column":2},"end":{"line":21,"column":16}},"14":{"start":{"line":24,"column":0},"end":{"line":24,"column":46}},"15":{"start":{"line":25,"column":0},"end":{"line":32,"column":1}},"16":{"start":{"line":26,"column":2},"end":{"line":31,"column":9}},"17":{"start":{"line":27,"column":4},"end":{"line":27,"column":67}},"18":{"start":{"line":27,"column":52},"end":{"line":27,"column":62}},"19":{"start":{"line":28,"column":4},"end":{"line":28,"column":50}},"20":{"start":{"line":29,"column":4},"end":{"line":29,"column":57}},"21":{"start":{"line":30,"column":4},"end":{"line":30,"column":60}}},"branchMap":{"1":{"line":4,"type":"if","locations":[{"start":{"line":4,"column":0},"end":{"line":4,"column":0},"skip":true},{"start":{"line":4,"column":0},"end":{"line":4,"column":0},"skip":true}]},"2":{"line":4,"type":"binary-expr","locations":[{"start":{"line":4,"column":4},"end":{"line":4,"column":33},"skip":true},{"start":{"line":4,"column":37},"end":{"line":4,"column":51},"skip":true}]},"3":{"line":14,"type":"if","locations":[{"start":{"line":14,"column":4},"end":{"line":14,"column":4}},{"start":{"line":14,"column":4},"end":{"line":14,"column":4}}]}}}}