TN:
SF:C:\Users\alart\Documents\Kodowanie\2021-05-30-tdd-01\tests.js
FNF:0
FNH:0
DA:4,1
DA:5,1
DA:7,1
DA:8,1
DA:9,1
DA:12,1
DA:13,1
DA:14,1
DA:15,1
DA:18,1
DA:19,1
DA:20,1
DA:21,1
DA:24,1
DA:25,1
DA:26,1
DA:27,1
DA:30,1
DA:31,1
DA:32,1
DA:33,1
DA:36,1
DA:37,1
DA:38,0
DA:39,0
DA:42,1
LF:26
LH:24
BRDA:4,1,0,1
BRDA:4,1,1,0
BRDA:4,2,0,1
BRDA:4,2,1,1
BRDA:42,3,0,1
BRDA:42,3,1,0
BRDA:42,4,0,1
BRDA:42,4,1,1
BRF:8
BRH:7
end_of_record
TN:
SF:C:\Users\alart\Documents\Kodowanie\2021-05-30-tdd-01\change.js
FN:8,getChange
FN:25,getChange_reduce
FNF:2
FNH:1
FNDA:4,getChange
FNDA:0,getChange_reduce
DA:4,1
DA:5,1
DA:8,1
DA:9,4
DA:10,4
DA:11,4
DA:12,4
DA:13,4
DA:14,35
DA:15,17
DA:16,17
DA:18,18
DA:21,4
DA:24,1
DA:25,1
DA:26,0
DA:27,0
DA:28,0
DA:29,0
DA:30,0
LF:20
LH:15
BRDA:4,1,0,1
BRDA:4,1,1,0
BRDA:4,2,0,1
BRDA:4,2,1,1
BRDA:14,3,0,17
BRDA:14,3,1,18
BRF:6
BRH:6
end_of_record
